This file contains any messages produced by compilers while
running configure, to aid debugging if configure makes a mistake.

It was created by KBS bucket-pointer refinement configure 2.0.0, which was
generated by GNU Autoconf 2.69.  Invocation command line was

  $ ./configure 

## --------- ##
## Platform. ##
## --------- ##

hostname = doge
uname -m = x86_64
uname -r = 4.1.6-1-ARCH
uname -s = Linux
uname -v = #1 SMP PREEMPT Mon Aug 17 08:52:28 CEST 2015

/usr/bin/uname -p = unknown
/bin/uname -X     = unknown

/bin/arch              = unknown
/usr/bin/arch -k       = unknown
/usr/convex/getsysinfo = unknown
/usr/bin/hostinfo      = unknown
/bin/machine           = unknown
/usr/bin/oslevel       = unknown
/bin/universe          = unknown

PATH: /usr/local/sbin
PATH: /usr/local/bin
PATH: /usr/bin
PATH: /usr/lib/jvm/default/bin
PATH: /usr/bin/site_perl
PATH: /usr/bin/vendor_perl
PATH: /usr/bin/core_perl


## ----------- ##
## Core tests. ##
## ----------- ##

configure:2387: checking for a BSD-compatible install
configure:2455: result: /usr/bin/install -c
configure:2466: checking whether build environment is sane
configure:2521: result: yes
configure:2672: checking for a thread-safe mkdir -p
configure:2711: result: /usr/bin/mkdir -p
configure:2718: checking for gawk
configure:2734: found /usr/bin/gawk
configure:2745: result: gawk
configure:2756: checking whether make sets $(MAKE)
configure:2778: result: yes
configure:2807: checking whether make supports nested variables
configure:2824: result: yes
configure:2974: checking for style of include used by make
configure:3002: result: GNU
configure:3073: checking for gcc
configure:3089: found /usr/bin/gcc
configure:3100: result: gcc
configure:3329: checking for C compiler version
configure:3338: gcc --version >&5
gcc (GCC) 5.2.0
Copyright (C) 2015 Free Software Foundation, Inc.
This is free software; see the source for copying conditions.  There is NO
warranty; not even for MERCHANTABILITY or FITNESS FOR A PARTICULAR PURPOSE.

configure:3349: $? = 0
configure:3338: gcc -v >&5
Using built-in specs.
COLLECT_GCC=gcc
COLLECT_LTO_WRAPPER=/usr/lib/gcc/x86_64-unknown-linux-gnu/5.2.0/lto-wrapper
Target: x86_64-unknown-linux-gnu
Configured with: /build/gcc-multilib/src/gcc-5.2.0/configure --prefix=/usr --libdir=/usr/lib --libexecdir=/usr/lib --mandir=/usr/share/man --infodir=/usr/share/info --with-bugurl=https://bugs.archlinux.org/ --enable-languages=c,c++,ada,fortran,go,lto,objc,obj-c++ --enable-shared --enable-threads=posix --enable-libmpx --with-system-zlib --with-isl --enable-__cxa_atexit --disable-libunwind-exceptions --enable-clocale=gnu --disable-libstdcxx-pch --disable-libssp --enable-gnu-unique-object --enable-linker-build-id --enable-lto --enable-plugin --enable-install-libiberty --with-linker-hash-style=gnu --enable-gnu-indirect-function --enable-multilib --disable-werror --enable-checking=release --with-default-libstdcxx-abi=gcc4-compatible
Thread model: posix
gcc version 5.2.0 (GCC) 
configure:3349: $? = 0
configure:3338: gcc -V >&5
gcc: error: unrecognized command line option '-V'
gcc: fatal error: no input files
compilation terminated.
configure:3349: $? = 1
configure:3338: gcc -qversion >&5
gcc: error: unrecognized command line option '-qversion'
gcc: fatal error: no input files
compilation terminated.
configure:3349: $? = 1
configure:3369: checking whether the C compiler works
configure:3391: gcc    conftest.c  >&5
configure:3395: $? = 0
configure:3443: result: yes
configure:3446: checking for C compiler default output file name
configure:3448: result: a.out
configure:3454: checking for suffix of executables
configure:3461: gcc -o conftest    conftest.c  >&5
configure:3465: $? = 0
configure:3487: result: 
configure:3509: checking whether we are cross compiling
configure:3517: gcc -o conftest    conftest.c  >&5
configure:3521: $? = 0
configure:3528: ./conftest
configure:3532: $? = 0
configure:3547: result: no
configure:3552: checking for suffix of object files
configure:3574: gcc -c   conftest.c >&5
configure:3578: $? = 0
configure:3599: result: o
configure:3603: checking whether we are using the GNU C compiler
configure:3622: gcc -c   conftest.c >&5
configure:3622: $? = 0
configure:3631: result: yes
configure:3640: checking whether gcc accepts -g
configure:3660: gcc -c -g  conftest.c >&5
configure:3660: $? = 0
configure:3701: result: yes
configure:3718: checking for gcc option to accept ISO C89
configure:3781: gcc  -c -g -O2  conftest.c >&5
configure:3781: $? = 0
configure:3794: result: none needed
configure:3819: checking whether gcc understands -c and -o together
configure:3841: gcc -c conftest.c -o conftest2.o
configure:3844: $? = 0
configure:3841: gcc -c conftest.c -o conftest2.o
configure:3844: $? = 0
configure:3856: result: yes
configure:3875: checking dependency style of gcc
configure:3986: result: gcc3
configure:4002: checking for library containing strerror
configure:4033: gcc -o conftest -g -O2   conftest.c  >&5
configure:4033: $? = 0
configure:4050: result: none required
configure:4106: checking for gcc
configure:4133: result: gcc
configure:4362: checking for C compiler version
configure:4371: gcc --version >&5
gcc (GCC) 5.2.0
Copyright (C) 2015 Free Software Foundation, Inc.
This is free software; see the source for copying conditions.  There is NO
warranty; not even for MERCHANTABILITY or FITNESS FOR A PARTICULAR PURPOSE.

configure:4382: $? = 0
configure:4371: gcc -v >&5
Using built-in specs.
COLLECT_GCC=gcc
COLLECT_LTO_WRAPPER=/usr/lib/gcc/x86_64-unknown-linux-gnu/5.2.0/lto-wrapper
Target: x86_64-unknown-linux-gnu
Configured with: /build/gcc-multilib/src/gcc-5.2.0/configure --prefix=/usr --libdir=/usr/lib --libexecdir=/usr/lib --mandir=/usr/share/man --infodir=/usr/share/info --with-bugurl=https://bugs.archlinux.org/ --enable-languages=c,c++,ada,fortran,go,lto,objc,obj-c++ --enable-shared --enable-threads=posix --enable-libmpx --with-system-zlib --with-isl --enable-__cxa_atexit --disable-libunwind-exceptions --enable-clocale=gnu --disable-libstdcxx-pch --disable-libssp --enable-gnu-unique-object --enable-linker-build-id --enable-lto --enable-plugin --enable-install-libiberty --with-linker-hash-style=gnu --enable-gnu-indirect-function --enable-multilib --disable-werror --enable-checking=release --with-default-libstdcxx-abi=gcc4-compatible
Thread model: posix
gcc version 5.2.0 (GCC) 
configure:4382: $? = 0
configure:4371: gcc -V >&5
gcc: error: unrecognized command line option '-V'
gcc: fatal error: no input files
compilation terminated.
configure:4382: $? = 1
configure:4371: gcc -qversion >&5
gcc: error: unrecognized command line option '-qversion'
gcc: fatal error: no input files
compilation terminated.
configure:4382: $? = 1
configure:4386: checking whether we are using the GNU C compiler
configure:4414: result: yes
configure:4423: checking whether gcc accepts -g
configure:4484: result: yes
configure:4501: checking for gcc option to accept ISO C89
configure:4577: result: none needed
configure:4602: checking whether gcc understands -c and -o together
configure:4639: result: yes
configure:4658: checking dependency style of gcc
configure:4769: result: gcc3
configure:4867: checking build system type
configure:4881: result: x86_64-unknown-linux-gnu
configure:4901: checking host system type
configure:4914: result: x86_64-unknown-linux-gnu
configure:4956: checking for ld used by GCC
configure:5019: result: /usr/bin/ld
configure:5026: checking if the linker (/usr/bin/ld) is GNU ld
GNU ld (GNU Binutils) 2.25.1
configure:5038: result: yes
configure:5043: checking for /usr/bin/ld option to reload object files
configure:5050: result: -r
configure:5055: checking for BSD-compatible nm
configure:5091: result: /usr/bin/nm -B
configure:5094: checking for a sed that does not truncate output
configure:5176: result: /usr/bin/sed
configure:5179: checking whether ln -s works
configure:5183: result: yes
configure:5190: checking how to recognise dependent libraries
configure:5371: result: pass_all
configure:5382: checking command to parse /usr/bin/nm -B output
configure:5466: gcc -c -g -O2  conftest.c >&5
configure:5469: $? = 0
configure:5473: /usr/bin/nm -B conftest.o \| sed -n -e 's/^.*[ 	]\([ABCDGISTW][ABCDGISTW]*\)[ 	][ 	]*\(\)\([_A-Za-z][_A-Za-z0-9]*\)$/\1 \2\3 \3/p' \> conftest.nm
configure:5476: $? = 0
configure:5528: gcc -o conftest -g -O2   conftest.c conftstm.o >&5
configure:5531: $? = 0
configure:5575: result: ok
configure:5584: checking how to run the C preprocessor
configure:5615: gcc -E  conftest.c
configure:5615: $? = 0
configure:5629: gcc -E  conftest.c
conftest.c:11:28: fatal error: ac_nonexistent.h: No such file or directory
compilation terminated.
configure:5629: $? = 1
configure: failed program was:
| /* confdefs.h */
| #define PACKAGE_NAME "KBS bucket-pointer refinement"
| #define PACKAGE_TARNAME "kbs-bpr"
| #define PACKAGE_VERSION "2.0.0"
| #define PACKAGE_STRING "KBS bucket-pointer refinement 2.0.0"
| #define PACKAGE_BUGREPORT "Klaus-Bernd.Schuermann@CeBiTec.Uni-Bielefeld.DE"
| #define PACKAGE_URL ""
| #define PACKAGE "kbs-bpr"
| #define VERSION "2.0.0"
| /* end confdefs.h.  */
| #include <ac_nonexistent.h>
configure:5654: result: gcc -E
configure:5674: gcc -E  conftest.c
configure:5674: $? = 0
configure:5688: gcc -E  conftest.c
conftest.c:11:28: fatal error: ac_nonexistent.h: No such file or directory
compilation terminated.
configure:5688: $? = 1
configure: failed program was:
| /* confdefs.h */
| #define PACKAGE_NAME "KBS bucket-pointer refinement"
| #define PACKAGE_TARNAME "kbs-bpr"
| #define PACKAGE_VERSION "2.0.0"
| #define PACKAGE_STRING "KBS bucket-pointer refinement 2.0.0"
| #define PACKAGE_BUGREPORT "Klaus-Bernd.Schuermann@CeBiTec.Uni-Bielefeld.DE"
| #define PACKAGE_URL ""
| #define PACKAGE "kbs-bpr"
| #define VERSION "2.0.0"
| /* end confdefs.h.  */
| #include <ac_nonexistent.h>
configure:5717: checking for grep that handles long lines and -e
configure:5775: result: /usr/bin/grep
configure:5780: checking for egrep
configure:5842: result: /usr/bin/grep -E
configure:5847: checking for ANSI C header files
configure:5867: gcc -c -g -O2  conftest.c >&5
configure:5867: $? = 0
configure:5940: gcc -o conftest -g -O2   conftest.c  >&5
configure:5940: $? = 0
configure:5940: ./conftest
configure:5940: $? = 0
configure:5951: result: yes
configure:5964: checking for sys/types.h
configure:5964: gcc -c -g -O2  conftest.c >&5
configure:5964: $? = 0
configure:5964: result: yes
configure:5964: checking for sys/stat.h
configure:5964: gcc -c -g -O2  conftest.c >&5
configure:5964: $? = 0
configure:5964: result: yes
configure:5964: checking for stdlib.h
configure:5964: gcc -c -g -O2  conftest.c >&5
configure:5964: $? = 0
configure:5964: result: yes
configure:5964: checking for string.h
configure:5964: gcc -c -g -O2  conftest.c >&5
configure:5964: $? = 0
configure:5964: result: yes
configure:5964: checking for memory.h
configure:5964: gcc -c -g -O2  conftest.c >&5
configure:5964: $? = 0
configure:5964: result: yes
configure:5964: checking for strings.h
configure:5964: gcc -c -g -O2  conftest.c >&5
configure:5964: $? = 0
configure:5964: result: yes
configure:5964: checking for inttypes.h
configure:5964: gcc -c -g -O2  conftest.c >&5
configure:5964: $? = 0
configure:5964: result: yes
configure:5964: checking for stdint.h
configure:5964: gcc -c -g -O2  conftest.c >&5
configure:5964: $? = 0
configure:5964: result: yes
configure:5964: checking for unistd.h
configure:5964: gcc -c -g -O2  conftest.c >&5
configure:5964: $? = 0
configure:5964: result: yes
configure:5978: checking dlfcn.h usability
configure:5978: gcc -c -g -O2  conftest.c >&5
configure:5978: $? = 0
configure:5978: result: yes
configure:5978: checking dlfcn.h presence
configure:5978: gcc -E  conftest.c
configure:5978: $? = 0
configure:5978: result: yes
configure:5978: checking for dlfcn.h
configure:5978: result: yes
configure:6175: checking for ranlib
configure:6191: found /usr/bin/ranlib
configure:6202: result: ranlib
configure:6267: checking for strip
configure:6283: found /usr/bin/strip
configure:6294: result: strip
configure:6357: gcc -c -g -O2  conftest.c >&5
configure:6360: $? = 0
configure:6509: checking for objdir
configure:6520: result: .libs
configure:6541: checking for gcc option to produce PIC
configure:6687: result: -fPIC
configure:6691: checking if gcc PIC flag -fPIC works
configure:6709: gcc -c -g -O2 -fPIC -DPIC  conftest.c >&5
configure:6709: $? = 0
configure:6743: result: yes
configure:6763: checking if gcc static flag -static works
configure:6782: gcc -o conftest -g -O2   -static conftest.c  >&5
configure:6782: $? = 0
configure:6794: result: yes
configure:6810: checking if gcc supports -c -o file.o
configure:6830: gcc -c -g -O2 -o out/conftest2.o  conftest.c >&5
configure:6854: result: yes
configure:6859: checking if gcc supports -c -o file.lo
configure:6881: gcc -c -g -O2 -c -o conftest.lo  conftest.c >&5
configure:6881: $? = 0
configure:6898: result: yes
configure:6937: checking if gcc supports -fno-rtti -fno-exceptions
configure:6954: gcc -c -g -O2 -fno-rtti -fno-exceptions -c conftest.c  conftest.c >&5
cc1: warning: command line option '-fno-rtti' is valid for C++/ObjC++ but not for C
cc1: warning: command line option '-fno-rtti' is valid for C++/ObjC++ but not for C
configure:6954: $? = 0
configure:6966: result: no
configure:6981: checking whether the linker (/usr/bin/ld) supports shared libraries
configure:7676: result: yes
configure:7685: checking how to hardcode library paths into programs
configure:7709: result: immediate
configure:7718: checking whether stripping libraries is possible
configure:7723: result: yes
configure:7738: checking dynamic linker characteristics
configure:8152: result: GNU/Linux ld.so
configure:8161: checking if libtool supports shared libraries
configure:8163: result: yes
configure:8170: checking whether to build shared libraries
configure:8191: result: no
configure:8198: checking whether to build static libraries
configure:8202: result: yes
configure:9430: checking that generated files are newer than configure
configure:9436: result: done
configure:9463: creating ./config.status

## ---------------------- ##
## Running config.status. ##
## ---------------------- ##

This file was extended by KBS bucket-pointer refinement config.status 2.0.0, which was
generated by GNU Autoconf 2.69.  Invocation command line was

  CONFIG_FILES    = 
  CONFIG_HEADERS  = 
  CONFIG_LINKS    = 
  CONFIG_COMMANDS = 
  $ ./config.status 

on doge

config.status:874: creating Makefile
config.status:874: creating src/Makefile
config.status:874: creating src/Extern/Makefile
config.status:874: creating src/Standard/Makefile
config.status:874: creating src/Util/Makefile
config.status:874: creating src/SuffixArray/Makefile
config.status:874: creating src/Main/Makefile
config.status:874: creating src/config.h
config.status:1055: src/config.h is unchanged
config.status:1103: executing depfiles commands

## ---------------- ##
## Cache variables. ##
## ---------------- ##

ac_cv_build=x86_64-unknown-linux-gnu
ac_cv_c_compiler_gnu=yes
ac_cv_env_CC_set=
ac_cv_env_CC_value=
ac_cv_env_CFLAGS_set=
ac_cv_env_CFLAGS_value=
ac_cv_env_CPPFLAGS_set=
ac_cv_env_CPPFLAGS_value=
ac_cv_env_CPP_set=
ac_cv_env_CPP_value=
ac_cv_env_LDFLAGS_set=
ac_cv_env_LDFLAGS_value=
ac_cv_env_LIBS_set=
ac_cv_env_LIBS_value=
ac_cv_env_build_alias_set=
ac_cv_env_build_alias_value=
ac_cv_env_host_alias_set=
ac_cv_env_host_alias_value=
ac_cv_env_target_alias_set=
ac_cv_env_target_alias_value=
ac_cv_header_dlfcn_h=yes
ac_cv_header_inttypes_h=yes
ac_cv_header_memory_h=yes
ac_cv_header_stdc=yes
ac_cv_header_stdint_h=yes
ac_cv_header_stdlib_h=yes
ac_cv_header_string_h=yes
ac_cv_header_strings_h=yes
ac_cv_header_sys_stat_h=yes
ac_cv_header_sys_types_h=yes
ac_cv_header_unistd_h=yes
ac_cv_host=x86_64-unknown-linux-gnu
ac_cv_objext=o
ac_cv_path_EGREP='/usr/bin/grep -E'
ac_cv_path_GREP=/usr/bin/grep
ac_cv_path_install='/usr/bin/install -c'
ac_cv_path_mkdir=/usr/bin/mkdir
ac_cv_prog_AWK=gawk
ac_cv_prog_CPP='gcc -E'
ac_cv_prog_ac_ct_CC=gcc
ac_cv_prog_ac_ct_RANLIB=ranlib
ac_cv_prog_ac_ct_STRIP=strip
ac_cv_prog_cc_c89=
ac_cv_prog_cc_g=yes
ac_cv_prog_make_make_set=yes
ac_cv_search_strerror='none required'
am_cv_CC_dependencies_compiler_type=gcc3
am_cv_make_support_nested_variables=yes
am_cv_prog_cc_c_o=yes
lt_cv_cc_64bit_output=yes
lt_cv_compiler_c_o=yes
lt_cv_compiler_o_lo=yes
lt_cv_deplibs_check_method=pass_all
lt_cv_file_magic_cmd='$MAGIC_CMD'
lt_cv_file_magic_test_file='/lib/libc.so /lib/libc.so.6 /lib/libc-2.22.so'
lt_cv_global_symbol_to_c_name_address='sed -n -e '\''s/^: \([^ ]*\) $/  {\"\1\", (lt_ptr) 0},/p'\'' -e '\''s/^[BCDEGRST] \([^ ]*\) \([^ ]*\)$/  {"\2", (lt_ptr) \&\2},/p'\'''
lt_cv_global_symbol_to_cdecl='sed -n -e '\''s/^. .* \(.*\)$/extern char \1;/p'\'''
lt_cv_ld_reload_flag=-r
lt_cv_path_LD=/usr/bin/ld
lt_cv_path_NM='/usr/bin/nm -B'
lt_cv_path_SED=/usr/bin/sed
lt_cv_prog_cc_can_build_shared=yes
lt_cv_prog_cc_no_builtin=
lt_cv_prog_cc_pic=' -fPIC'
lt_cv_prog_cc_pic_works=yes
lt_cv_prog_cc_shlib=
lt_cv_prog_cc_static=-static
lt_cv_prog_cc_static_works=yes
lt_cv_prog_cc_wl=-Wl,
lt_cv_prog_gnu_ld=yes
lt_cv_sys_global_symbol_pipe='sed -n -e '\''s/^.*[ 	]\([ABCDGISTW][ABCDGISTW]*\)[ 	][ 	]*\(\)\([_A-Za-z][_A-Za-z0-9]*\)$/\1 \2\3 \3/p'\'''

## ----------------- ##
## Output variables. ##
## ----------------- ##

ACLOCAL='${SHELL} /home/anadon/documents/code/testSuffixArrayImplementations/implementations/bpr2_auto/config/missing aclocal-1.15'
AMDEPBACKSLASH='\'
AMDEP_FALSE='#'
AMDEP_TRUE=''
AMTAR='$${TAR-tar}'
AM_BACKSLASH='\'
AM_DEFAULT_V='$(AM_DEFAULT_VERBOSITY)'
AM_DEFAULT_VERBOSITY='1'
AM_V='$(V)'
AUTOCONF='${SHELL} /home/anadon/documents/code/testSuffixArrayImplementations/implementations/bpr2_auto/config/missing autoconf'
AUTOHEADER='${SHELL} /home/anadon/documents/code/testSuffixArrayImplementations/implementations/bpr2_auto/config/missing autoheader'
AUTOMAKE='${SHELL} /home/anadon/documents/code/testSuffixArrayImplementations/implementations/bpr2_auto/config/missing automake-1.15'
AWK='gawk'
CC='gcc'
CCDEPMODE='depmode=gcc3'
CFLAGS='-O3 -fomit-frame-pointer -funroll-loops -fprefetch-loop-arrays -W -Winline -Wall'
CPP='gcc -E'
CPPFLAGS=''
CYGPATH_W='echo'
DATE='2015-09-05'
DEFS='-DHAVE_CONFIG_H'
DEPDIR='.deps'
ECHO='echo'
ECHO_C=''
ECHO_N='-n'
ECHO_T=''
EGREP='/usr/bin/grep -E'
EXEEXT=''
GREP='/usr/bin/grep'
INSTALL_DATA='${INSTALL} -m 644'
INSTALL_PROGRAM='${INSTALL}'
INSTALL_SCRIPT='${INSTALL}'
INSTALL_STRIP_PROGRAM='$(install_sh) -c -s'
LDFLAGS=''
LIBOBJS=''
LIBS=''
LIBTOOL='$(SHELL) $(top_builddir)/libtool'
LN_S='ln -s'
LTLIBOBJS=''
MAKEINFO='${SHELL} /home/anadon/documents/code/testSuffixArrayImplementations/implementations/bpr2_auto/config/missing makeinfo'
MKDIR_P='/usr/bin/mkdir -p'
OBJEXT='o'
PACKAGE='kbs-bpr'
PACKAGE_BUGREPORT='Klaus-Bernd.Schuermann@CeBiTec.Uni-Bielefeld.DE'
PACKAGE_NAME='KBS bucket-pointer refinement'
PACKAGE_STRING='KBS bucket-pointer refinement 2.0.0'
PACKAGE_TARNAME='kbs-bpr'
PACKAGE_URL=''
PACKAGE_VERSION='2.0.0'
PATH_SEPARATOR=':'
RANLIB='ranlib'
SET_MAKE=''
SHELL='/bin/sh'
STRIP='strip'
VERSION='2.0.0'
VERSION_INFO='Configuration\n  Host type           : \n  Special build flags : \n  C   compiler        : gcc\n  C   compiler flags  : -O3 -fomit-frame-pointer -funroll-loops -fprefetch-loop-arrays -W -Winline -Wall\n  C++ compiler        :  \n  C++ compiler flags  : \n  Linker flags        : \n'
ac_ct_CC='gcc'
am__EXEEXT_FALSE=''
am__EXEEXT_TRUE='#'
am__fastdepCC_FALSE='#'
am__fastdepCC_TRUE=''
am__include='include'
am__isrc=''
am__leading_dot='.'
am__nodep='_no'
am__quote=''
am__tar='$${TAR-tar} chof - "$$tardir"'
am__untar='$${TAR-tar} xf -'
bindir='${exec_prefix}/bin'
build='x86_64-unknown-linux-gnu'
build_alias=''
build_cpu='x86_64'
build_os='linux-gnu'
build_vendor='unknown'
datadir='${datarootdir}'
datarootdir='${prefix}/share'
docdir='${datarootdir}/doc/${PACKAGE_TARNAME}'
dvidir='${docdir}'
exec_prefix='${prefix}'
host='x86_64-unknown-linux-gnu'
host_alias=''
host_cpu='x86_64'
host_os='linux-gnu'
host_vendor='unknown'
htmldir='${docdir}'
includedir='${prefix}/include'
infodir='${datarootdir}/info'
install_sh='${SHELL} /home/anadon/documents/code/testSuffixArrayImplementations/implementations/bpr2_auto/config/install-sh'
libdir='${exec_prefix}/lib'
libexecdir='${exec_prefix}/libexec'
localedir='${datarootdir}/locale'
localstatedir='${prefix}/var'
mandir='${datarootdir}/man'
mkdir_p='$(MKDIR_P)'
oldincludedir='/usr/include'
pdfdir='${docdir}'
prefix='/usr/local'
program_transform_name='s,x,x,'
psdir='${docdir}'
sbindir='${exec_prefix}/sbin'
sharedstatedir='${prefix}/com'
sysconfdir='${prefix}/etc'
target_alias=''

## ----------- ##
## confdefs.h. ##
## ----------- ##

/* confdefs.h */
#define PACKAGE_NAME "KBS bucket-pointer refinement"
#define PACKAGE_TARNAME "kbs-bpr"
#define PACKAGE_VERSION "2.0.0"
#define PACKAGE_STRING "KBS bucket-pointer refinement 2.0.0"
#define PACKAGE_BUGREPORT "Klaus-Bernd.Schuermann@CeBiTec.Uni-Bielefeld.DE"
#define PACKAGE_URL ""
#define PACKAGE "kbs-bpr"
#define VERSION "2.0.0"
#define STDC_HEADERS 1
#define HAVE_SYS_TYPES_H 1
#define HAVE_SYS_STAT_H 1
#define HAVE_STDLIB_H 1
#define HAVE_STRING_H 1
#define HAVE_MEMORY_H 1
#define HAVE_STRINGS_H 1
#define HAVE_INTTYPES_H 1
#define HAVE_STDINT_H 1
#define HAVE_UNISTD_H 1
#define HAVE_DLFCN_H 1

configure: exit 0

## ---------------------- ##
## Running config.status. ##
## ---------------------- ##

This file was extended by KBS bucket-pointer refinement config.status 2.0.0, which was
generated by GNU Autoconf 2.69.  Invocation command line was

  CONFIG_FILES    = 
  CONFIG_HEADERS  = 
  CONFIG_LINKS    = 
  CONFIG_COMMANDS = 
  $ ./config.status src/config.h

on doge

config.status:874: creating src/config.h
config.status:1055: src/config.h is unchanged
